Using pre-set license
Built from '2020.3/release' branch; Version is '2020.3.7f1 (dd97f2c94397) revision 14522354'; Using compiler version '192528614'; Build Type 'Release'
OS: 'Windows 10 Pro; OS build 19043.1165; Version 2009; 64bit' Language: 'fr' Physical Memory: 16267 MB
BatchMode: 1, IsHumanControllingUs: 0, StartBugReporterOnCrash: 0, Is64bit: 1, IsPro: 0

 COMMAND LINE ARGUMENTS:
E:\Unity\2020.3.7f1\Editor\Unity.exe
-adb2
-batchMode
-noUpm
-name
AssetImportWorker0
-projectPath
C:/Users/mj_si/Desktop/Create with Code/Junior Programmer Pathway/Data Persistence Exercise/Data-Persistence-Exercise
-logFile
Logs/AssetImportWorker0.log
-srvPort
54241
Successfully changed project path to: C:/Users/mj_si/Desktop/Create with Code/Junior Programmer Pathway/Data Persistence Exercise/Data-Persistence-Exercise
C:/Users/mj_si/Desktop/Create with Code/Junior Programmer Pathway/Data Persistence Exercise/Data-Persistence-Exercise
Using Asset Import Pipeline V2.
Refreshing native plugins compatible for Editor in 48.33 ms, found 0 plugins.
Preloading 0 native plugins for Editor in 0.00 ms.
Initialize engine version: 2020.3.7f1 (dd97f2c94397)
[Subsystems] Discovering subsystems at path E:/Unity/2020.3.7f1/Editor/Data/Resources/UnitySubsystems
[Subsystems] Discovering subsystems at path C:/Users/mj_si/Desktop/Create with Code/Junior Programmer Pathway/Data Persistence Exercise/Data-Persistence-Exercise/Assets
GfxDevice: creating device client; threaded=0
Direct3D:
    Version:  Direct3D 11.0 [level 11.1]
    Renderer: NVIDIA GeForce GTX 1070 (ID=0x1ba1)
    Vendor:   
    VRAM:     8081 MB
    Driver:   30.0.14.7196
Shader 'Universal Render Pipeline/Particles/Lit': fallback shader 'Universal Render Pipeline/Particles/SimpleLit' not found
Initialize mono
Mono path[0] = 'E:/Unity/2020.3.7f1/Editor/Data/Managed'
Mono path[1] = 'E:/Unity/2020.3.7f1/Editor/Data/MonoBleedingEdge/lib/mono/unityjit'
Mono config path = 'E:/Unity/2020.3.7f1/Editor/Data/MonoBleedingEdge/etc'
Using monoOptions --debugger-agent=transport=dt_socket,embedding=1,server=y,suspend=n,address=127.0.0.1:56532
Begin MonoManager ReloadAssembly
Registering precompiled unity dll's ...
Register platform support module: E:/Unity/2020.3.7f1/Editor/Data/PlaybackEngines/WindowsStandaloneSupport/UnityEditor.WindowsStandalone.Extensions.dll
Registered in 0.001509 seconds.
Native extension for WindowsStandalone target not found
Refreshing native plugins compatible for Editor in 52.23 ms, found 0 plugins.
Preloading 0 native plugins for Editor in 0.00 ms.
Mono: successfully reloaded assembly
- Completed reload, in  1.390 seconds
Platform modules already initialized, skipping
Registering precompiled user dll's ...
Registered in 0.001581 seconds.
Begin MonoManager ReloadAssembly
Native extension for WindowsStandalone target not found
Refreshing native plugins compatible for Editor in 50.76 ms, found 0 plugins.
Preloading 0 native plugins for Editor in 0.00 ms.
Mono: successfully reloaded assembly
- Completed reload, in  1.168 seconds
Platform modules already initialized, skipping
========================================================================
Worker process is ready to serve import requests
Shader 'Universal Render Pipeline/Particles/Lit': fallback shader 'Universal Render Pipeline/Particles/SimpleLit' not found
Launched and connected shader compiler UnityShaderCompiler.exe after 0.06 seconds
Refreshing native plugins compatible for Editor in 0.41 ms, found 0 plugins.
Preloading 0 native plugins for Editor in 0.00 ms.
Unloading 2424 Unused Serialized files (Serialized files now loaded: 0)
System memory in use before: 114.5 MB.
System memory in use after: 114.7 MB.

Unloading 10 unused Assets to reduce memory usage. Loaded Objects now: 2866.
Total: 3.042200 ms (FindLiveObjects: 0.322900 ms CreateObjectMapping: 0.334000 ms MarkObjects: 2.257800 ms  DeleteObjects: 0.126200 ms)

========================================================================
Received Import Request.
  path: Assets/Materials
  artifactKey: Guid(d0234ba368eeec9418390da711bfdad0) Importer(815301076,1909f56bfc062723c751e8b465ee728b)
Start importing Assets/Materials using Guid(d0234ba368eeec9418390da711bfdad0) Importer(815301076,1909f56bfc062723c751e8b465ee728b)  -> (artifact id: 'a5d3c98fce56d77d0054b519b7760a4b') in 0.011489 seconds
  Import took 0.016843 seconds .

========================================================================
Received Import Request.
  Time since last request: 0.000380 seconds.
  path: Assets/Materials/Brick.mat
  artifactKey: Guid(5ece0b49f1ea03d41b4d2d9863527d99) Importer(815301076,1909f56bfc062723c751e8b465ee728b)
Start importing Assets/Materials/Brick.mat using Guid(5ece0b49f1ea03d41b4d2d9863527d99) Importer(815301076,1909f56bfc062723c751e8b465ee728b)  -> (artifact id: 'eba70bbdfe10b8d5c68573766101952c') in 0.290607 seconds
  Import took 0.294988 seconds .

========================================================================
Received Import Request.
  Time since last request: 0.000332 seconds.
  path: Assets/Materials/DeathZone.mat
  artifactKey: Guid(b171e0a86dd2cfb4d92092061cb1d5f1) Importer(815301076,1909f56bfc062723c751e8b465ee728b)
Start importing Assets/Materials/DeathZone.mat using Guid(b171e0a86dd2cfb4d92092061cb1d5f1) Importer(815301076,1909f56bfc062723c751e8b465ee728b)  -> (artifact id: 'b5883ccdfd7368b02285969441741727') in 0.017598 seconds
  Import took 0.021555 seconds .

========================================================================
Received Import Request.
  Time since last request: 3.204685 seconds.
  path: Assets/Art
  artifactKey: Guid(39ce9eeb3960af54eafb39b6fc26d870) Importer(815301076,1909f56bfc062723c751e8b465ee728b)
Start importing Assets/Art using Guid(39ce9eeb3960af54eafb39b6fc26d870) Importer(815301076,1909f56bfc062723c751e8b465ee728b)  -> (artifact id: 'ff98b7ce75b2c049c9b2087e8d15b84d') in 0.008684 seconds
  Import took 0.013686 seconds .

========================================================================
Received Import Request.
  Time since last request: 7.136456 seconds.
  path: Assets/Art/Bibounette's Arcatno誰d.png
  artifactKey: Guid(ebbb382d4a1dfe94b97fa07595c65176) Importer(815301076,1909f56bfc062723c751e8b465ee728b)
Start importing Assets/Art/Bibounette's Arcatno誰d.png using Guid(ebbb382d4a1dfe94b97fa07595c65176) Importer(815301076,1909f56bfc062723c751e8b465ee728b)  -> (artifact id: '4867bfb60e95eb90f72a463d7499c25f') in 0.033746 seconds
  Import took 0.038888 seconds .

========================================================================
Received Import Request.
  Time since last request: 4.752251 seconds.
  path: Assets/Art/Bibounette's Arcatno誰d.png
  artifactKey: Guid(ebbb382d4a1dfe94b97fa07595c65176) Importer(815301076,1909f56bfc062723c751e8b465ee728b)
Start importing Assets/Art/Bibounette's Arcatno誰d.png using Guid(ebbb382d4a1dfe94b97fa07595c65176) Importer(815301076,1909f56bfc062723c751e8b465ee728b)  -> (artifact id: '39093302dbde6c3200bcd69a23d6fe55') in 0.031910 seconds
  Import took 0.036983 seconds .

========================================================================
Received Prepare
Registering precompiled user dll's ...
Registered in 0.001385 seconds.
Begin MonoManager ReloadAssembly
Native extension for WindowsStandalone target not found
Refreshing native plugins compatible for Editor in 0.37 ms, found 0 plugins.
Preloading 0 native plugins for Editor in 0.00 ms.
Mono: successfully reloaded assembly
- Completed reload, in  1.100 seconds
Platform modules already initialized, skipping
Shader 'Universal Render Pipeline/Particles/Lit': fallback shader 'Universal Render Pipeline/Particles/SimpleLit' not found
Refreshing native plugins compatible for Editor in 0.37 ms, found 0 plugins.
Preloading 0 native plugins for Editor in 0.00 ms.
Unloading 2315 Unused Serialized files (Serialized files now loaded: 0)
System memory in use before: 113.0 MB.
System memory in use after: 113.2 MB.

Unloading 5 unused Assets to reduce memory usage. Loaded Objects now: 2951.
Total: 2.683200 ms (FindLiveObjects: 0.502700 ms CreateObjectMapping: 0.118900 ms MarkObjects: 2.045300 ms  DeleteObjects: 0.015200 ms)

========================================================================
Received Import Request.
  Time since last request: 604.293876 seconds.
  path: Assets/Art/istockphoto-1208374725-612x612.jpg
  artifactKey: Guid(b0edb6822edca8046bc10f4f993c3f6c) Importer(815301076,1909f56bfc062723c751e8b465ee728b)
Start importing Assets/Art/istockphoto-1208374725-612x612.jpg using Guid(b0edb6822edca8046bc10f4f993c3f6c) Importer(815301076,1909f56bfc062723c751e8b465ee728b)  -> (artifact id: 'fe5a095da160279408ed4a729f704818') in 0.066946 seconds
  Import took 0.072177 seconds .

========================================================================
Received Import Request.
  Time since last request: 8.227436 seconds.
  path: Assets/Art/istockphoto-1208374725-612x612.jpg
  artifactKey: Guid(b0edb6822edca8046bc10f4f993c3f6c) Importer(815301076,1909f56bfc062723c751e8b465ee728b)
Start importing Assets/Art/istockphoto-1208374725-612x612.jpg using Guid(b0edb6822edca8046bc10f4f993c3f6c) Importer(815301076,1909f56bfc062723c751e8b465ee728b)  -> (artifact id: '6134b632632eb0486f4dd41fac8bbea9') in 0.046067 seconds
  Import took 0.051797 seconds .

========================================================================
Received Import Request.
  Time since last request: 223.884795 seconds.
  path: Assets/Art/stars bg.png
  artifactKey: Guid(3e88feb9eb4bfc94ab5f9721f0296653) Importer(815301076,1909f56bfc062723c751e8b465ee728b)
Start importing Assets/Art/stars bg.png using Guid(3e88feb9eb4bfc94ab5f9721f0296653) Importer(815301076,1909f56bfc062723c751e8b465ee728b)  -> (artifact id: 'e7d63c9832dbe048a23af160a357f6ce') in 0.032480 seconds
  Import took 0.040942 seconds .

========================================================================
Received Import Request.
  Time since last request: 10.438003 seconds.
  path: Assets/Art/stars bg.png
  artifactKey: Guid(3e88feb9eb4bfc94ab5f9721f0296653) Importer(815301076,1909f56bfc062723c751e8b465ee728b)
Start importing Assets/Art/stars bg.png using Guid(3e88feb9eb4bfc94ab5f9721f0296653) Importer(815301076,1909f56bfc062723c751e8b465ee728b)  -> (artifact id: 'ec6f5ef34e6e2a8fe6ac180310d4235d') in 0.019155 seconds
  Import took 0.024523 seconds .

