Using pre-set license
Built from '2020.3/release' branch; Version is '2020.3.7f1 (dd97f2c94397) revision 14522354'; Using compiler version '192528614'; Build Type 'Release'
OS: 'Windows 10 Pro; OS build 19043.1165; Version 2009; 64bit' Language: 'fr' Physical Memory: 16267 MB
BatchMode: 1, IsHumanControllingUs: 0, StartBugReporterOnCrash: 0, Is64bit: 1, IsPro: 0

 COMMAND LINE ARGUMENTS:
E:\Unity\2020.3.7f1\Editor\Unity.exe
-adb2
-batchMode
-noUpm
-name
AssetImportWorker0
-projectPath
C:/Users/mj_si/Desktop/Create with Code/Junior Programmer Pathway/Data Persistence Exercise/Data-Persistence-Exercise
-logFile
Logs/AssetImportWorker0.log
-srvPort
53501
Successfully changed project path to: C:/Users/mj_si/Desktop/Create with Code/Junior Programmer Pathway/Data Persistence Exercise/Data-Persistence-Exercise
C:/Users/mj_si/Desktop/Create with Code/Junior Programmer Pathway/Data Persistence Exercise/Data-Persistence-Exercise
Using Asset Import Pipeline V2.
Refreshing native plugins compatible for Editor in 55.67 ms, found 0 plugins.
Preloading 0 native plugins for Editor in 0.00 ms.
Initialize engine version: 2020.3.7f1 (dd97f2c94397)
[Subsystems] Discovering subsystems at path E:/Unity/2020.3.7f1/Editor/Data/Resources/UnitySubsystems
[Subsystems] Discovering subsystems at path C:/Users/mj_si/Desktop/Create with Code/Junior Programmer Pathway/Data Persistence Exercise/Data-Persistence-Exercise/Assets
GfxDevice: creating device client; threaded=0
Direct3D:
    Version:  Direct3D 11.0 [level 11.1]
    Renderer: NVIDIA GeForce GTX 1070 (ID=0x1ba1)
    Vendor:   
    VRAM:     8081 MB
    Driver:   30.0.14.7196
Shader 'Universal Render Pipeline/Particles/Lit': fallback shader 'Universal Render Pipeline/Particles/SimpleLit' not found
Initialize mono
Mono path[0] = 'E:/Unity/2020.3.7f1/Editor/Data/Managed'
Mono path[1] = 'E:/Unity/2020.3.7f1/Editor/Data/MonoBleedingEdge/lib/mono/unityjit'
Mono config path = 'E:/Unity/2020.3.7f1/Editor/Data/MonoBleedingEdge/etc'
Using monoOptions --debugger-agent=transport=dt_socket,embedding=1,server=y,suspend=n,address=127.0.0.1:56652
Begin MonoManager ReloadAssembly
Registering precompiled unity dll's ...
Register platform support module: E:/Unity/2020.3.7f1/Editor/Data/PlaybackEngines/WindowsStandaloneSupport/UnityEditor.WindowsStandalone.Extensions.dll
Registered in 0.001241 seconds.
Native extension for WindowsStandalone target not found
Refreshing native plugins compatible for Editor in 54.03 ms, found 0 plugins.
Preloading 0 native plugins for Editor in 0.00 ms.
Mono: successfully reloaded assembly
- Completed reload, in  1.439 seconds
Platform modules already initialized, skipping
Registering precompiled user dll's ...
Registered in 0.001840 seconds.
Begin MonoManager ReloadAssembly
Native extension for WindowsStandalone target not found
Refreshing native plugins compatible for Editor in 54.26 ms, found 0 plugins.
Preloading 0 native plugins for Editor in 0.00 ms.
Mono: successfully reloaded assembly
- Completed reload, in  1.347 seconds
Platform modules already initialized, skipping
========================================================================
Worker process is ready to serve import requests
Shader 'Universal Render Pipeline/Particles/Lit': fallback shader 'Universal Render Pipeline/Particles/SimpleLit' not found
Launched and connected shader compiler UnityShaderCompiler.exe after 0.07 seconds
Refreshing native plugins compatible for Editor in 0.41 ms, found 0 plugins.
Preloading 0 native plugins for Editor in 0.00 ms.
Unloading 2422 Unused Serialized files (Serialized files now loaded: 0)
System memory in use before: 114.5 MB.
System memory in use after: 114.6 MB.

Unloading 10 unused Assets to reduce memory usage. Loaded Objects now: 2863.
Total: 2.793200 ms (FindLiveObjects: 0.462500 ms CreateObjectMapping: 0.138100 ms MarkObjects: 2.073200 ms  DeleteObjects: 0.117100 ms)

========================================================================
Received Import Request.
  path: Assets/Scenes
  artifactKey: Guid(b3d8a22b2eaae1048a5db3be5ce09cb2) Importer(815301076,1909f56bfc062723c751e8b465ee728b)
Start importing Assets/Scenes using Guid(b3d8a22b2eaae1048a5db3be5ce09cb2) Importer(815301076,1909f56bfc062723c751e8b465ee728b)  -> (artifact id: 'c2436d515bf46b218cc8ff835d26ba5b') in 0.014972 seconds
  Import took 0.020795 seconds .

========================================================================
Received Import Request.
  Time since last request: 0.000438 seconds.
  path: Assets/Scenes/main.unity
  artifactKey: Guid(78a510c781f19db4da14f78ebb30946a) Importer(815301076,1909f56bfc062723c751e8b465ee728b)
Start importing Assets/Scenes/main.unity using Guid(78a510c781f19db4da14f78ebb30946a) Importer(815301076,1909f56bfc062723c751e8b465ee728b)  -> (artifact id: '307897d572d1294bacce094e45c1f3f0') in 0.017346 seconds
  Import took 0.023364 seconds .

========================================================================
Received Prepare
Registering precompiled user dll's ...
Registered in 0.002412 seconds.
Begin MonoManager ReloadAssembly
Native extension for WindowsStandalone target not found
Refreshing native plugins compatible for Editor in 0.42 ms, found 0 plugins.
Preloading 0 native plugins for Editor in 0.00 ms.
Mono: successfully reloaded assembly
- Completed reload, in  1.218 seconds
Platform modules already initialized, skipping
Shader 'Universal Render Pipeline/Particles/Lit': fallback shader 'Universal Render Pipeline/Particles/SimpleLit' not found
Refreshing native plugins compatible for Editor in 0.63 ms, found 0 plugins.
Preloading 0 native plugins for Editor in 0.00 ms.
Unloading 2313 Unused Serialized files (Serialized files now loaded: 0)
System memory in use before: 107.5 MB.
System memory in use after: 107.7 MB.

Unloading 5 unused Assets to reduce memory usage. Loaded Objects now: 2866.
Total: 3.440000 ms (FindLiveObjects: 0.427300 ms CreateObjectMapping: 0.194800 ms MarkObjects: 2.798100 ms  DeleteObjects: 0.018200 ms)

========================================================================
Received Import Request.
  Time since last request: 42.874796 seconds.
  path: Assets/Scenes/menu.unity
  artifactKey: Guid(d74015e28cf2b8f45a89eb86815ac182) Importer(815301076,1909f56bfc062723c751e8b465ee728b)
Start importing Assets/Scenes/menu.unity using Guid(d74015e28cf2b8f45a89eb86815ac182) Importer(815301076,1909f56bfc062723c751e8b465ee728b)  -> (artifact id: 'fdb655680151d4faa8a58c0ea75e3e83') in 0.028293 seconds
  Import took 0.036177 seconds .

========================================================================
Received Prepare
Registering precompiled user dll's ...
Registered in 0.001810 seconds.
Begin MonoManager ReloadAssembly
Native extension for WindowsStandalone target not found
Refreshing native plugins compatible for Editor in 0.38 ms, found 0 plugins.
Preloading 0 native plugins for Editor in 0.00 ms.
Mono: successfully reloaded assembly
- Completed reload, in  1.145 seconds
Platform modules already initialized, skipping
Shader 'Universal Render Pipeline/Particles/Lit': fallback shader 'Universal Render Pipeline/Particles/SimpleLit' not found
Refreshing native plugins compatible for Editor in 0.37 ms, found 0 plugins.
Preloading 0 native plugins for Editor in 0.00 ms.
Unloading 2313 Unused Serialized files (Serialized files now loaded: 0)
System memory in use before: 107.5 MB.
System memory in use after: 107.7 MB.

Unloading 5 unused Assets to reduce memory usage. Loaded Objects now: 2869.
Total: 2.998700 ms (FindLiveObjects: 0.396400 ms CreateObjectMapping: 0.122000 ms MarkObjects: 2.440300 ms  DeleteObjects: 0.038800 ms)

========================================================================
Received Prepare
Registering precompiled user dll's ...
Registered in 0.001750 seconds.
Begin MonoManager ReloadAssembly
Native extension for WindowsStandalone target not found
Refreshing native plugins compatible for Editor in 0.43 ms, found 0 plugins.
Preloading 0 native plugins for Editor in 0.00 ms.
Mono: successfully reloaded assembly
- Completed reload, in  1.035 seconds
Platform modules already initialized, skipping
Shader 'Universal Render Pipeline/Particles/Lit': fallback shader 'Universal Render Pipeline/Particles/SimpleLit' not found
Refreshing native plugins compatible for Editor in 0.41 ms, found 0 plugins.
Preloading 0 native plugins for Editor in 0.00 ms.
Unloading 2313 Unused Serialized files (Serialized files now loaded: 0)
System memory in use before: 107.6 MB.
System memory in use after: 107.8 MB.

Unloading 5 unused Assets to reduce memory usage. Loaded Objects now: 2872.
Total: 3.286000 ms (FindLiveObjects: 0.415800 ms CreateObjectMapping: 0.252400 ms MarkObjects: 2.583800 ms  DeleteObjects: 0.032400 ms)

========================================================================
Received Prepare
Registering precompiled user dll's ...
Registered in 0.001440 seconds.
Begin MonoManager ReloadAssembly
Native extension for WindowsStandalone target not found
Refreshing native plugins compatible for Editor in 0.36 ms, found 0 plugins.
Preloading 0 native plugins for Editor in 0.00 ms.
Mono: successfully reloaded assembly
- Completed reload, in  0.934 seconds
Platform modules already initialized, skipping
Shader 'Universal Render Pipeline/Particles/Lit': fallback shader 'Universal Render Pipeline/Particles/SimpleLit' not found
Refreshing native plugins compatible for Editor in 0.37 ms, found 0 plugins.
Preloading 0 native plugins for Editor in 0.00 ms.
Unloading 2313 Unused Serialized files (Serialized files now loaded: 0)
System memory in use before: 107.6 MB.
System memory in use after: 107.8 MB.

Unloading 5 unused Assets to reduce memory usage. Loaded Objects now: 2875.
Total: 2.826900 ms (FindLiveObjects: 0.422400 ms CreateObjectMapping: 0.129300 ms MarkObjects: 2.259600 ms  DeleteObjects: 0.014700 ms)

========================================================================
Received Import Request.
  Time since last request: 351.290185 seconds.
  path: Assets/Scripts
  artifactKey: Guid(02a3527b6b33a924e8ec66aa805ea717) Importer(815301076,1909f56bfc062723c751e8b465ee728b)
Start importing Assets/Scripts using Guid(02a3527b6b33a924e8ec66aa805ea717) Importer(815301076,1909f56bfc062723c751e8b465ee728b)  -> (artifact id: 'b344c0b82b8aa901179a7864745fc067') in 0.012308 seconds
  Import took 0.018327 seconds .

========================================================================
Received Import Request.
  Time since last request: 2.290166 seconds.
  path: Assets/Scripts/MainManager.cs
  artifactKey: Guid(d110623a642692246a42fbc2d8d89884) Importer(815301076,1909f56bfc062723c751e8b465ee728b)
Start importing Assets/Scripts/MainManager.cs using Guid(d110623a642692246a42fbc2d8d89884) Importer(815301076,1909f56bfc062723c751e8b465ee728b)  -> (artifact id: 'c840ff90a468c841c11efe49801efa9b') in 0.032001 seconds
  Import took 0.037318 seconds .

========================================================================
Received Import Request.
  Time since last request: 200.272516 seconds.
  path: Assets/Scripts/UIHandler.cs
  artifactKey: Guid(a2260e993adb52c4fa13a413196d511e) Importer(815301076,1909f56bfc062723c751e8b465ee728b)
Start importing Assets/Scripts/UIHandler.cs using Guid(a2260e993adb52c4fa13a413196d511e) Importer(815301076,1909f56bfc062723c751e8b465ee728b)  -> (artifact id: '0df8a8dad03076fbc762bb83a4160640') in 0.010840 seconds
  Import took 0.018130 seconds .

========================================================================
Received Prepare
Registering precompiled user dll's ...
Registered in 0.001728 seconds.
Begin MonoManager ReloadAssembly
Native extension for WindowsStandalone target not found
Refreshing native plugins compatible for Editor in 0.70 ms, found 0 plugins.
Preloading 0 native plugins for Editor in 0.00 ms.
Mono: successfully reloaded assembly
- Completed reload, in  1.154 seconds
Platform modules already initialized, skipping
Shader 'Universal Render Pipeline/Particles/Lit': fallback shader 'Universal Render Pipeline/Particles/SimpleLit' not found
Refreshing native plugins compatible for Editor in 0.47 ms, found 0 plugins.
Preloading 0 native plugins for Editor in 0.00 ms.
Unloading 2314 Unused Serialized files (Serialized files now loaded: 0)
System memory in use before: 107.5 MB.
System memory in use after: 107.7 MB.

Unloading 5 unused Assets to reduce memory usage. Loaded Objects now: 2879.
Total: 4.179200 ms (FindLiveObjects: 0.575400 ms CreateObjectMapping: 0.324100 ms MarkObjects: 3.259200 ms  DeleteObjects: 0.018900 ms)

========================================================================
Received Prepare
Registering precompiled user dll's ...
Registered in 0.001881 seconds.
Begin MonoManager ReloadAssembly
Native extension for WindowsStandalone target not found
Refreshing native plugins compatible for Editor in 0.36 ms, found 0 plugins.
Preloading 0 native plugins for Editor in 0.00 ms.
Mono: successfully reloaded assembly
- Completed reload, in  1.079 seconds
Platform modules already initialized, skipping
Shader 'Universal Render Pipeline/Particles/Lit': fallback shader 'Universal Render Pipeline/Particles/SimpleLit' not found
Refreshing native plugins compatible for Editor in 0.37 ms, found 0 plugins.
Preloading 0 native plugins for Editor in 0.00 ms.
Unloading 2314 Unused Serialized files (Serialized files now loaded: 0)
System memory in use before: 107.6 MB.
System memory in use after: 107.8 MB.

Unloading 5 unused Assets to reduce memory usage. Loaded Objects now: 2882.
Total: 5.092600 ms (FindLiveObjects: 0.688300 ms CreateObjectMapping: 0.323000 ms MarkObjects: 4.041700 ms  DeleteObjects: 0.038100 ms)

========================================================================
Received Prepare
Registering precompiled user dll's ...
Registered in 0.001425 seconds.
Begin MonoManager ReloadAssembly
Native extension for WindowsStandalone target not found
Refreshing native plugins compatible for Editor in 0.36 ms, found 0 plugins.
Preloading 0 native plugins for Editor in 0.00 ms.
Mono: successfully reloaded assembly
- Completed reload, in  1.065 seconds
Platform modules already initialized, skipping
Shader 'Universal Render Pipeline/Particles/Lit': fallback shader 'Universal Render Pipeline/Particles/SimpleLit' not found
Refreshing native plugins compatible for Editor in 0.38 ms, found 0 plugins.
Preloading 0 native plugins for Editor in 0.00 ms.
Unloading 2314 Unused Serialized files (Serialized files now loaded: 0)
System memory in use before: 107.6 MB.
System memory in use after: 107.8 MB.

Unloading 5 unused Assets to reduce memory usage. Loaded Objects now: 2885.
Total: 4.796700 ms (FindLiveObjects: 0.566500 ms CreateObjectMapping: 0.269600 ms MarkObjects: 3.938600 ms  DeleteObjects: 0.020800 ms)

========================================================================
Received Prepare
Registering precompiled user dll's ...
Registered in 0.001463 seconds.
Begin MonoManager ReloadAssembly
Native extension for WindowsStandalone target not found
Refreshing native plugins compatible for Editor in 0.64 ms, found 0 plugins.
Preloading 0 native plugins for Editor in 0.00 ms.
Mono: successfully reloaded assembly
- Completed reload, in  1.106 seconds
Platform modules already initialized, skipping
Shader 'Universal Render Pipeline/Particles/Lit': fallback shader 'Universal Render Pipeline/Particles/SimpleLit' not found
Refreshing native plugins compatible for Editor in 0.39 ms, found 0 plugins.
Preloading 0 native plugins for Editor in 0.00 ms.
Unloading 2314 Unused Serialized files (Serialized files now loaded: 0)
System memory in use before: 107.6 MB.
System memory in use after: 107.8 MB.

Unloading 5 unused Assets to reduce memory usage. Loaded Objects now: 2888.
Total: 4.222300 ms (FindLiveObjects: 0.651400 ms CreateObjectMapping: 0.447500 ms MarkObjects: 3.104000 ms  DeleteObjects: 0.016500 ms)

========================================================================
Received Import Request.
  Time since last request: 248.585201 seconds.
  path: Assets
  artifactKey: Guid(00000000000000001000000000000000) Importer(815301076,1909f56bfc062723c751e8b465ee728b)
Start importing Assets using Guid(00000000000000001000000000000000) Importer(815301076,1909f56bfc062723c751e8b465ee728b)  -> (artifact id: '5f6a1853b736837ecfb0820a881449cb') in 0.016655 seconds
  Import took 0.022615 seconds .

========================================================================
Received Import Request.
  Time since last request: 30.266172 seconds.
  path: Assets/Scripts/NameManager.cs
  artifactKey: Guid(56e4aa49c4c41924c9752ff1a68a9bf2) Importer(815301076,1909f56bfc062723c751e8b465ee728b)
Start importing Assets/Scripts/NameManager.cs using Guid(56e4aa49c4c41924c9752ff1a68a9bf2) Importer(815301076,1909f56bfc062723c751e8b465ee728b)  -> (artifact id: '964958d7336aa8166d31f8094d037916') in 0.012574 seconds
  Import took 0.017875 seconds .

========================================================================
Received Prepare
Registering precompiled user dll's ...
Registered in 0.001470 seconds.
Begin MonoManager ReloadAssembly
Native extension for WindowsStandalone target not found
Refreshing native plugins compatible for Editor in 0.91 ms, found 0 plugins.
Preloading 0 native plugins for Editor in 0.00 ms.
Mono: successfully reloaded assembly
- Completed reload, in  1.156 seconds
Platform modules already initialized, skipping
Shader 'Universal Render Pipeline/Particles/Lit': fallback shader 'Universal Render Pipeline/Particles/SimpleLit' not found
Refreshing native plugins compatible for Editor in 0.37 ms, found 0 plugins.
Preloading 0 native plugins for Editor in 0.00 ms.
Unloading 2315 Unused Serialized files (Serialized files now loaded: 0)
System memory in use before: 107.7 MB.
System memory in use after: 107.9 MB.

Unloading 5 unused Assets to reduce memory usage. Loaded Objects now: 2892.
Total: 4.389200 ms (FindLiveObjects: 0.613600 ms CreateObjectMapping: 0.269600 ms MarkObjects: 3.463800 ms  DeleteObjects: 0.040500 ms)

========================================================================
Received Prepare
Registering precompiled user dll's ...
Registered in 0.002460 seconds.
Begin MonoManager ReloadAssembly
Native extension for WindowsStandalone target not found
Refreshing native plugins compatible for Editor in 0.39 ms, found 0 plugins.
Preloading 0 native plugins for Editor in 0.00 ms.
Mono: successfully reloaded assembly
- Completed reload, in  1.099 seconds
Platform modules already initialized, skipping
Shader 'Universal Render Pipeline/Particles/Lit': fallback shader 'Universal Render Pipeline/Particles/SimpleLit' not found
Refreshing native plugins compatible for Editor in 0.41 ms, found 0 plugins.
Preloading 0 native plugins for Editor in 0.00 ms.
Unloading 2315 Unused Serialized files (Serialized files now loaded: 0)
System memory in use before: 107.6 MB.
System memory in use after: 107.8 MB.

Unloading 5 unused Assets to reduce memory usage. Loaded Objects now: 2895.
Total: 3.171700 ms (FindLiveObjects: 0.323300 ms CreateObjectMapping: 0.226500 ms MarkObjects: 2.601200 ms  DeleteObjects: 0.019100 ms)

========================================================================
Received Import Request.
  Time since last request: 505.331067 seconds.
  path: Assets/Scripts/UIHandler.cs
  artifactKey: Guid(a2260e993adb52c4fa13a413196d511e) Importer(815301076,1909f56bfc062723c751e8b465ee728b)
Start importing Assets/Scripts/UIHandler.cs using Guid(a2260e993adb52c4fa13a413196d511e) Importer(815301076,1909f56bfc062723c751e8b465ee728b)  -> (artifact id: 'c92649a0e0567741c3679e0c7c4a15ce') in 0.007460 seconds
  Import took 0.011966 seconds .

========================================================================
Received Prepare
Registering precompiled user dll's ...
Registered in 0.001456 seconds.
Begin MonoManager ReloadAssembly
Native extension for WindowsStandalone target not found
Refreshing native plugins compatible for Editor in 0.37 ms, found 0 plugins.
Preloading 0 native plugins for Editor in 0.00 ms.
Mono: successfully reloaded assembly
- Completed reload, in  1.100 seconds
Platform modules already initialized, skipping
Shader 'Universal Render Pipeline/Particles/Lit': fallback shader 'Universal Render Pipeline/Particles/SimpleLit' not found
Refreshing native plugins compatible for Editor in 0.38 ms, found 0 plugins.
Preloading 0 native plugins for Editor in 0.00 ms.
Unloading 2315 Unused Serialized files (Serialized files now loaded: 0)
System memory in use before: 107.7 MB.
System memory in use after: 107.9 MB.

Unloading 5 unused Assets to reduce memory usage. Loaded Objects now: 2898.
Total: 3.872600 ms (FindLiveObjects: 0.440200 ms CreateObjectMapping: 0.190900 ms MarkObjects: 3.222300 ms  DeleteObjects: 0.017900 ms)

========================================================================
Received Prepare
Registering precompiled user dll's ...
Registered in 0.004143 seconds.
Begin MonoManager ReloadAssembly
Native extension for WindowsStandalone target not found
Refreshing native plugins compatible for Editor in 0.37 ms, found 0 plugins.
Preloading 0 native plugins for Editor in 0.00 ms.
Mono: successfully reloaded assembly
- Completed reload, in  1.120 seconds
Platform modules already initialized, skipping
Shader 'Universal Render Pipeline/Particles/Lit': fallback shader 'Universal Render Pipeline/Particles/SimpleLit' not found
Refreshing native plugins compatible for Editor in 0.40 ms, found 0 plugins.
Preloading 0 native plugins for Editor in 0.00 ms.
Unloading 2315 Unused Serialized files (Serialized files now loaded: 0)
System memory in use before: 107.7 MB.
System memory in use after: 107.9 MB.

Unloading 5 unused Assets to reduce memory usage. Loaded Objects now: 2901.
Total: 5.939300 ms (FindLiveObjects: 0.731300 ms CreateObjectMapping: 0.459100 ms MarkObjects: 4.729900 ms  DeleteObjects: 0.016900 ms)

========================================================================
Received Prepare
Registering precompiled user dll's ...
Registered in 0.001625 seconds.
Begin MonoManager ReloadAssembly
Native extension for WindowsStandalone target not found
Refreshing native plugins compatible for Editor in 0.52 ms, found 0 plugins.
Preloading 0 native plugins for Editor in 0.00 ms.
Mono: successfully reloaded assembly
- Completed reload, in  1.070 seconds
Platform modules already initialized, skipping
Shader 'Universal Render Pipeline/Particles/Lit': fallback shader 'Universal Render Pipeline/Particles/SimpleLit' not found
Refreshing native plugins compatible for Editor in 0.37 ms, found 0 plugins.
Preloading 0 native plugins for Editor in 0.00 ms.
Unloading 2315 Unused Serialized files (Serialized files now loaded: 0)
System memory in use before: 107.7 MB.
System memory in use after: 107.9 MB.

Unloading 5 unused Assets to reduce memory usage. Loaded Objects now: 2904.
Total: 2.872900 ms (FindLiveObjects: 0.280700 ms CreateObjectMapping: 0.125500 ms MarkObjects: 2.427700 ms  DeleteObjects: 0.037900 ms)

========================================================================
Received Prepare
Registering precompiled user dll's ...
Registered in 0.001445 seconds.
Begin MonoManager ReloadAssembly
Native extension for WindowsStandalone target not found
Refreshing native plugins compatible for Editor in 0.36 ms, found 0 plugins.
Preloading 0 native plugins for Editor in 0.00 ms.
Mono: successfully reloaded assembly
- Completed reload, in  1.147 seconds
Platform modules already initialized, skipping
Shader 'Universal Render Pipeline/Particles/Lit': fallback shader 'Universal Render Pipeline/Particles/SimpleLit' not found
Refreshing native plugins compatible for Editor in 0.45 ms, found 0 plugins.
Preloading 0 native plugins for Editor in 0.00 ms.
Unloading 2315 Unused Serialized files (Serialized files now loaded: 0)
System memory in use before: 107.7 MB.
System memory in use after: 107.9 MB.

Unloading 5 unused Assets to reduce memory usage. Loaded Objects now: 2907.
Total: 4.038200 ms (FindLiveObjects: 0.469700 ms CreateObjectMapping: 0.314700 ms MarkObjects: 3.216200 ms  DeleteObjects: 0.036300 ms)

========================================================================
Received Prepare
Registering precompiled user dll's ...
Registered in 0.001514 seconds.
Begin MonoManager ReloadAssembly
Native extension for WindowsStandalone target not found
Refreshing native plugins compatible for Editor in 0.60 ms, found 0 plugins.
Preloading 0 native plugins for Editor in 0.00 ms.
Mono: successfully reloaded assembly
- Completed reload, in  1.227 seconds
Platform modules already initialized, skipping
Shader 'Universal Render Pipeline/Particles/Lit': fallback shader 'Universal Render Pipeline/Particles/SimpleLit' not found
Refreshing native plugins compatible for Editor in 0.39 ms, found 0 plugins.
Preloading 0 native plugins for Editor in 0.00 ms.
Unloading 2315 Unused Serialized files (Serialized files now loaded: 0)
System memory in use before: 107.6 MB.
System memory in use after: 107.8 MB.

Unloading 5 unused Assets to reduce memory usage. Loaded Objects now: 2910.
Total: 3.924400 ms (FindLiveObjects: 0.466300 ms CreateObjectMapping: 0.266800 ms MarkObjects: 3.169400 ms  DeleteObjects: 0.019900 ms)

========================================================================
Received Import Request.
  Time since last request: 511.113887 seconds.
  path: Assets/Scripts/NameManager.cs
  artifactKey: Guid(56e4aa49c4c41924c9752ff1a68a9bf2) Importer(815301076,1909f56bfc062723c751e8b465ee728b)
Start importing Assets/Scripts/NameManager.cs using Guid(56e4aa49c4c41924c9752ff1a68a9bf2) Importer(815301076,1909f56bfc062723c751e8b465ee728b)  -> (artifact id: 'e2967c74633ee6b98b00424ccb923ade') in 0.008468 seconds
  Import took 0.013572 seconds .

========================================================================
Received Import Request.
  Time since last request: 7.660467 seconds.
  path: Assets/Scripts/NameAndScoreManager.cs
  artifactKey: Guid(56e4aa49c4c41924c9752ff1a68a9bf2) Importer(815301076,1909f56bfc062723c751e8b465ee728b)
Start importing Assets/Scripts/NameAndScoreManager.cs using Guid(56e4aa49c4c41924c9752ff1a68a9bf2) Importer(815301076,1909f56bfc062723c751e8b465ee728b)  -> (artifact id: '70c279dc68faccf2b752305371aef9d7') in 0.017014 seconds
  Import took 0.023905 seconds .

========================================================================
Received Prepare
Registering precompiled user dll's ...
Registered in 0.001497 seconds.
Begin MonoManager ReloadAssembly
Native extension for WindowsStandalone target not found
Refreshing native plugins compatible for Editor in 0.40 ms, found 0 plugins.
Preloading 0 native plugins for Editor in 0.00 ms.
Mono: successfully reloaded assembly
- Completed reload, in  1.279 seconds
Platform modules already initialized, skipping
Shader 'Universal Render Pipeline/Particles/Lit': fallback shader 'Universal Render Pipeline/Particles/SimpleLit' not found
Refreshing native plugins compatible for Editor in 0.60 ms, found 0 plugins.
Preloading 0 native plugins for Editor in 0.00 ms.
Unloading 2315 Unused Serialized files (Serialized files now loaded: 0)
System memory in use before: 107.7 MB.
System memory in use after: 107.9 MB.

Unloading 5 unused Assets to reduce memory usage. Loaded Objects now: 2913.
Total: 3.964500 ms (FindLiveObjects: 0.541400 ms CreateObjectMapping: 0.513200 ms MarkObjects: 2.874600 ms  DeleteObjects: 0.033600 ms)

========================================================================
Received Import Request.
  Time since last request: 29.588516 seconds.
  path: Assets/Scripts/NameAndScoreManager.cs
  artifactKey: Guid(56e4aa49c4c41924c9752ff1a68a9bf2) Importer(815301076,1909f56bfc062723c751e8b465ee728b)
Start importing Assets/Scripts/NameAndScoreManager.cs using Guid(56e4aa49c4c41924c9752ff1a68a9bf2) Importer(815301076,1909f56bfc062723c751e8b465ee728b)  -> (artifact id: 'f424c4bc2b879cf00f6cd65557ce8f64') in 0.027359 seconds
  Import took 0.035759 seconds .

========================================================================
Received Prepare
Registering precompiled user dll's ...
Registered in 0.001726 seconds.
Begin MonoManager ReloadAssembly
Native extension for WindowsStandalone target not found
Refreshing native plugins compatible for Editor in 0.36 ms, found 0 plugins.
Preloading 0 native plugins for Editor in 0.00 ms.
Mono: successfully reloaded assembly
- Completed reload, in  1.157 seconds
Platform modules already initialized, skipping
Shader 'Universal Render Pipeline/Particles/Lit': fallback shader 'Universal Render Pipeline/Particles/SimpleLit' not found
Refreshing native plugins compatible for Editor in 0.40 ms, found 0 plugins.
Preloading 0 native plugins for Editor in 0.00 ms.
Unloading 2315 Unused Serialized files (Serialized files now loaded: 0)
System memory in use before: 107.7 MB.
System memory in use after: 107.9 MB.

Unloading 5 unused Assets to reduce memory usage. Loaded Objects now: 2916.
Total: 3.110300 ms (FindLiveObjects: 0.547400 ms CreateObjectMapping: 0.227200 ms MarkObjects: 2.293800 ms  DeleteObjects: 0.040600 ms)

========================================================================
Received Import Request.
  Time since last request: 16.231855 seconds.
  path: Assets/Scenes/menu.unity
  artifactKey: Guid(d74015e28cf2b8f45a89eb86815ac182) Importer(815301076,1909f56bfc062723c751e8b465ee728b)
Start importing Assets/Scenes/menu.unity using Guid(d74015e28cf2b8f45a89eb86815ac182) Importer(815301076,1909f56bfc062723c751e8b465ee728b)  -> (artifact id: 'b5c687f98ae6af5af77fef449b0052b7') in 0.026852 seconds
  Import took 0.032769 seconds .

========================================================================
Received Prepare
Registering precompiled user dll's ...
Registered in 0.001473 seconds.
Begin MonoManager ReloadAssembly
Native extension for WindowsStandalone target not found
Refreshing native plugins compatible for Editor in 0.45 ms, found 0 plugins.
Preloading 0 native plugins for Editor in 0.00 ms.
Mono: successfully reloaded assembly
- Completed reload, in  1.197 seconds
Platform modules already initialized, skipping
Shader 'Universal Render Pipeline/Particles/Lit': fallback shader 'Universal Render Pipeline/Particles/SimpleLit' not found
Refreshing native plugins compatible for Editor in 0.61 ms, found 0 plugins.
Preloading 0 native plugins for Editor in 0.00 ms.
Unloading 2315 Unused Serialized files (Serialized files now loaded: 0)
System memory in use before: 107.7 MB.
System memory in use after: 107.9 MB.

Unloading 5 unused Assets to reduce memory usage. Loaded Objects now: 2919.
Total: 3.661700 ms (FindLiveObjects: 0.720100 ms CreateObjectMapping: 0.277500 ms MarkObjects: 2.623900 ms  DeleteObjects: 0.038900 ms)

========================================================================
Received Prepare
Registering precompiled user dll's ...
Registered in 0.001858 seconds.
Begin MonoManager ReloadAssembly
Native extension for WindowsStandalone target not found
Refreshing native plugins compatible for Editor in 0.39 ms, found 0 plugins.
Preloading 0 native plugins for Editor in 0.00 ms.
Mono: successfully reloaded assembly
- Completed reload, in  1.147 seconds
Platform modules already initialized, skipping
Shader 'Universal Render Pipeline/Particles/Lit': fallback shader 'Universal Render Pipeline/Particles/SimpleLit' not found
Refreshing native plugins compatible for Editor in 0.42 ms, found 0 plugins.
Preloading 0 native plugins for Editor in 0.00 ms.
Unloading 2315 Unused Serialized files (Serialized files now loaded: 0)
System memory in use before: 107.7 MB.
System memory in use after: 107.9 MB.

Unloading 5 unused Assets to reduce memory usage. Loaded Objects now: 2922.
Total: 3.379100 ms (FindLiveObjects: 0.458300 ms CreateObjectMapping: 0.125600 ms MarkObjects: 2.732900 ms  DeleteObjects: 0.042100 ms)

========================================================================
Received Import Request.
  Time since last request: 138.448645 seconds.
  path: Assets/Scenes/main.unity
  artifactKey: Guid(78a510c781f19db4da14f78ebb30946a) Importer(815301076,1909f56bfc062723c751e8b465ee728b)
Start importing Assets/Scenes/main.unity using Guid(78a510c781f19db4da14f78ebb30946a) Importer(815301076,1909f56bfc062723c751e8b465ee728b)  -> (artifact id: 'd825f5631e9f00863a71c33fde7e0c50') in 0.018732 seconds
  Import took 0.023660 seconds .

========================================================================
Received Prepare
Registering precompiled user dll's ...
Registered in 0.002414 seconds.
Begin MonoManager ReloadAssembly
Native extension for WindowsStandalone target not found
Refreshing native plugins compatible for Editor in 0.37 ms, found 0 plugins.
Preloading 0 native plugins for Editor in 0.00 ms.
Mono: successfully reloaded assembly
- Completed reload, in  1.170 seconds
Platform modules already initialized, skipping
Shader 'Universal Render Pipeline/Particles/Lit': fallback shader 'Universal Render Pipeline/Particles/SimpleLit' not found
Refreshing native plugins compatible for Editor in 0.37 ms, found 0 plugins.
Preloading 0 native plugins for Editor in 0.00 ms.
Unloading 2315 Unused Serialized files (Serialized files now loaded: 0)
System memory in use before: 107.6 MB.
System memory in use after: 107.9 MB.

Unloading 5 unused Assets to reduce memory usage. Loaded Objects now: 2925.
Total: 2.964000 ms (FindLiveObjects: 0.594000 ms CreateObjectMapping: 0.135000 ms MarkObjects: 2.188400 ms  DeleteObjects: 0.044800 ms)

========================================================================
Received Prepare
Registering precompiled user dll's ...
Registered in 0.001661 seconds.
Begin MonoManager ReloadAssembly
Native extension for WindowsStandalone target not found
Refreshing native plugins compatible for Editor in 0.37 ms, found 0 plugins.
Preloading 0 native plugins for Editor in 0.00 ms.
Mono: successfully reloaded assembly
- Completed reload, in  1.184 seconds
Platform modules already initialized, skipping
Shader 'Universal Render Pipeline/Particles/Lit': fallback shader 'Universal Render Pipeline/Particles/SimpleLit' not found
Refreshing native plugins compatible for Editor in 0.37 ms, found 0 plugins.
Preloading 0 native plugins for Editor in 0.00 ms.
Unloading 2315 Unused Serialized files (Serialized files now loaded: 0)
System memory in use before: 107.7 MB.
System memory in use after: 108.0 MB.

Unloading 5 unused Assets to reduce memory usage. Loaded Objects now: 2928.
Total: 3.386000 ms (FindLiveObjects: 0.655600 ms CreateObjectMapping: 0.235100 ms MarkObjects: 2.460800 ms  DeleteObjects: 0.032900 ms)

========================================================================
Received Prepare
Registering precompiled user dll's ...
Registered in 0.001595 seconds.
Begin MonoManager ReloadAssembly
Native extension for WindowsStandalone target not found
Refreshing native plugins compatible for Editor in 0.41 ms, found 0 plugins.
Preloading 0 native plugins for Editor in 0.00 ms.
Mono: successfully reloaded assembly
- Completed reload, in  1.149 seconds
Platform modules already initialized, skipping
Shader 'Universal Render Pipeline/Particles/Lit': fallback shader 'Universal Render Pipeline/Particles/SimpleLit' not found
Refreshing native plugins compatible for Editor in 0.56 ms, found 0 plugins.
Preloading 0 native plugins for Editor in 0.00 ms.
Unloading 2315 Unused Serialized files (Serialized files now loaded: 0)
System memory in use before: 107.8 MB.
System memory in use after: 108.0 MB.

Unloading 5 unused Assets to reduce memory usage. Loaded Objects now: 2931.
Total: 2.819700 ms (FindLiveObjects: 0.388100 ms CreateObjectMapping: 0.153400 ms MarkObjects: 2.251800 ms  DeleteObjects: 0.024300 ms)

========================================================================
Received Prepare
Registering precompiled user dll's ...
Registered in 0.001465 seconds.
Begin MonoManager ReloadAssembly
Native extension for WindowsStandalone target not found
Refreshing native plugins compatible for Editor in 0.52 ms, found 0 plugins.
Preloading 0 native plugins for Editor in 0.00 ms.
Mono: successfully reloaded assembly
- Completed reload, in  1.165 seconds
Platform modules already initialized, skipping
Shader 'Universal Render Pipeline/Particles/Lit': fallback shader 'Universal Render Pipeline/Particles/SimpleLit' not found
Refreshing native plugins compatible for Editor in 0.60 ms, found 0 plugins.
Preloading 0 native plugins for Editor in 0.00 ms.
Unloading 2315 Unused Serialized files (Serialized files now loaded: 0)
System memory in use before: 107.8 MB.
System memory in use after: 108.0 MB.

Unloading 5 unused Assets to reduce memory usage. Loaded Objects now: 2934.
Total: 2.774600 ms (FindLiveObjects: 0.431700 ms CreateObjectMapping: 0.213500 ms MarkObjects: 2.111000 ms  DeleteObjects: 0.016900 ms)

========================================================================
Received Prepare
Registering precompiled user dll's ...
Registered in 0.002491 seconds.
Begin MonoManager ReloadAssembly
Native extension for WindowsStandalone target not found
Refreshing native plugins compatible for Editor in 0.41 ms, found 0 plugins.
Preloading 0 native plugins for Editor in 0.00 ms.
Mono: successfully reloaded assembly
- Completed reload, in  1.147 seconds
Platform modules already initialized, skipping
Shader 'Universal Render Pipeline/Particles/Lit': fallback shader 'Universal Render Pipeline/Particles/SimpleLit' not found
Refreshing native plugins compatible for Editor in 0.51 ms, found 0 plugins.
Preloading 0 native plugins for Editor in 0.00 ms.
Unloading 2315 Unused Serialized files (Serialized files now loaded: 0)
System memory in use before: 107.8 MB.
System memory in use after: 108.0 MB.

Unloading 5 unused Assets to reduce memory usage. Loaded Objects now: 2937.
Total: 2.702600 ms (FindLiveObjects: 0.291600 ms CreateObjectMapping: 0.165300 ms MarkObjects: 2.208800 ms  DeleteObjects: 0.035300 ms)

========================================================================
Received Prepare
Registering precompiled user dll's ...
Registered in 0.002311 seconds.
Begin MonoManager ReloadAssembly
Native extension for WindowsStandalone target not found
Refreshing native plugins compatible for Editor in 0.37 ms, found 0 plugins.
Preloading 0 native plugins for Editor in 0.00 ms.
Mono: successfully reloaded assembly
- Completed reload, in  1.160 seconds
Platform modules already initialized, skipping
Shader 'Universal Render Pipeline/Particles/Lit': fallback shader 'Universal Render Pipeline/Particles/SimpleLit' not found
Refreshing native plugins compatible for Editor in 0.45 ms, found 0 plugins.
Preloading 0 native plugins for Editor in 0.00 ms.
Unloading 2315 Unused Serialized files (Serialized files now loaded: 0)
System memory in use before: 107.7 MB.
System memory in use after: 107.9 MB.

Unloading 5 unused Assets to reduce memory usage. Loaded Objects now: 2940.
Total: 2.922100 ms (FindLiveObjects: 0.432000 ms CreateObjectMapping: 0.184900 ms MarkObjects: 2.284600 ms  DeleteObjects: 0.019000 ms)

========================================================================
Received Prepare
Registering precompiled user dll's ...
Registered in 0.002683 seconds.
Begin MonoManager ReloadAssembly
Native extension for WindowsStandalone target not found
Refreshing native plugins compatible for Editor in 0.62 ms, found 0 plugins.
Preloading 0 native plugins for Editor in 0.00 ms.
Mono: successfully reloaded assembly
- Completed reload, in  1.187 seconds
Platform modules already initialized, skipping
Shader 'Universal Render Pipeline/Particles/Lit': fallback shader 'Universal Render Pipeline/Particles/SimpleLit' not found
Refreshing native plugins compatible for Editor in 0.37 ms, found 0 plugins.
Preloading 0 native plugins for Editor in 0.00 ms.
Unloading 2315 Unused Serialized files (Serialized files now loaded: 0)
System memory in use before: 107.8 MB.
System memory in use after: 108.0 MB.

Unloading 5 unused Assets to reduce memory usage. Loaded Objects now: 2943.
Total: 2.786400 ms (FindLiveObjects: 0.386700 ms CreateObjectMapping: 0.178800 ms MarkObjects: 2.190200 ms  DeleteObjects: 0.027400 ms)

========================================================================
Received Prepare
Registering precompiled user dll's ...
Registered in 0.001727 seconds.
Begin MonoManager ReloadAssembly
Native extension for WindowsStandalone target not found
Refreshing native plugins compatible for Editor in 0.44 ms, found 0 plugins.
Preloading 0 native plugins for Editor in 0.00 ms.
Mono: successfully reloaded assembly
- Completed reload, in  1.174 seconds
Platform modules already initialized, skipping
Shader 'Universal Render Pipeline/Particles/Lit': fallback shader 'Universal Render Pipeline/Particles/SimpleLit' not found
Refreshing native plugins compatible for Editor in 0.53 ms, found 0 plugins.
Preloading 0 native plugins for Editor in 0.00 ms.
Unloading 2315 Unused Serialized files (Serialized files now loaded: 0)
System memory in use before: 107.8 MB.
System memory in use after: 108.0 MB.

Unloading 5 unused Assets to reduce memory usage. Loaded Objects now: 2946.
Total: 3.337800 ms (FindLiveObjects: 0.372300 ms CreateObjectMapping: 0.162700 ms MarkObjects: 2.763300 ms  DeleteObjects: 0.038000 ms)

========================================================================
Received Prepare
Registering precompiled user dll's ...
Registered in 0.001648 seconds.
Begin MonoManager ReloadAssembly
Native extension for WindowsStandalone target not found
Refreshing native plugins compatible for Editor in 0.51 ms, found 0 plugins.
Preloading 0 native plugins for Editor in 0.00 ms.
Mono: successfully reloaded assembly
- Completed reload, in  1.173 seconds
Platform modules already initialized, skipping
Shader 'Universal Render Pipeline/Particles/Lit': fallback shader 'Universal Render Pipeline/Particles/SimpleLit' not found
Refreshing native plugins compatible for Editor in 0.45 ms, found 0 plugins.
Preloading 0 native plugins for Editor in 0.00 ms.
Unloading 2315 Unused Serialized files (Serialized files now loaded: 0)
System memory in use before: 107.8 MB.
System memory in use after: 108.0 MB.

Unloading 5 unused Assets to reduce memory usage. Loaded Objects now: 2949.
Total: 3.559100 ms (FindLiveObjects: 0.296000 ms CreateObjectMapping: 0.158500 ms MarkObjects: 3.062700 ms  DeleteObjects: 0.040100 ms)

========================================================================
Received Prepare
Registering precompiled user dll's ...
Registered in 0.002826 seconds.
Begin MonoManager ReloadAssembly
Native extension for WindowsStandalone target not found
Refreshing native plugins compatible for Editor in 0.38 ms, found 0 plugins.
Preloading 0 native plugins for Editor in 0.00 ms.
Mono: successfully reloaded assembly
- Completed reload, in  1.324 seconds
Platform modules already initialized, skipping
Shader 'Universal Render Pipeline/Particles/Lit': fallback shader 'Universal Render Pipeline/Particles/SimpleLit' not found
Refreshing native plugins compatible for Editor in 0.38 ms, found 0 plugins.
Preloading 0 native plugins for Editor in 0.00 ms.
Unloading 2315 Unused Serialized files (Serialized files now loaded: 0)
System memory in use before: 107.8 MB.
System memory in use after: 108.0 MB.

Unloading 5 unused Assets to reduce memory usage. Loaded Objects now: 2952.
Total: 2.960700 ms (FindLiveObjects: 0.357500 ms CreateObjectMapping: 0.185100 ms MarkObjects: 2.396000 ms  DeleteObjects: 0.020700 ms)

========================================================================
Received Import Request.
  Time since last request: 1413.830023 seconds.
  path: Assets/Scenes/main.unity
  artifactKey: Guid(78a510c781f19db4da14f78ebb30946a) Importer(815301076,1909f56bfc062723c751e8b465ee728b)
Start importing Assets/Scenes/main.unity using Guid(78a510c781f19db4da14f78ebb30946a) Importer(815301076,1909f56bfc062723c751e8b465ee728b)  -> (artifact id: 'e0b0c361ee050d9a6438fef6eff3090d') in 0.023414 seconds
  Import took 0.028396 seconds .

========================================================================
Received Prepare
Registering precompiled user dll's ...
Registered in 0.001538 seconds.
Begin MonoManager ReloadAssembly
Native extension for WindowsStandalone target not found
Refreshing native plugins compatible for Editor in 0.39 ms, found 0 plugins.
Preloading 0 native plugins for Editor in 0.00 ms.
Mono: successfully reloaded assembly
- Completed reload, in  1.176 seconds
Platform modules already initialized, skipping
Shader 'Universal Render Pipeline/Particles/Lit': fallback shader 'Universal Render Pipeline/Particles/SimpleLit' not found
Refreshing native plugins compatible for Editor in 0.48 ms, found 0 plugins.
Preloading 0 native plugins for Editor in 0.00 ms.
Unloading 2315 Unused Serialized files (Serialized files now loaded: 0)
System memory in use before: 107.7 MB.
System memory in use after: 107.9 MB.

Unloading 5 unused Assets to reduce memory usage. Loaded Objects now: 2955.
Total: 2.918000 ms (FindLiveObjects: 0.471300 ms CreateObjectMapping: 0.227000 ms MarkObjects: 2.200600 ms  DeleteObjects: 0.017700 ms)

========================================================================
Received Prepare
Registering precompiled user dll's ...
Registered in 0.001729 seconds.
Begin MonoManager ReloadAssembly
Native extension for WindowsStandalone target not found
Refreshing native plugins compatible for Editor in 0.48 ms, found 0 plugins.
Preloading 0 native plugins for Editor in 0.00 ms.
Mono: successfully reloaded assembly
- Completed reload, in  1.115 seconds
Platform modules already initialized, skipping
Shader 'Universal Render Pipeline/Particles/Lit': fallback shader 'Universal Render Pipeline/Particles/SimpleLit' not found
Refreshing native plugins compatible for Editor in 0.39 ms, found 0 plugins.
Preloading 0 native plugins for Editor in 0.00 ms.
Unloading 2315 Unused Serialized files (Serialized files now loaded: 0)
System memory in use before: 107.8 MB.
System memory in use after: 108.0 MB.

Unloading 5 unused Assets to reduce memory usage. Loaded Objects now: 2958.
Total: 2.903300 ms (FindLiveObjects: 0.514900 ms CreateObjectMapping: 0.217500 ms MarkObjects: 2.154200 ms  DeleteObjects: 0.015500 ms)

========================================================================
Received Import Request.
  Time since last request: 83.208737 seconds.
  path: Assets/Scenes/menu.unity
  artifactKey: Guid(d74015e28cf2b8f45a89eb86815ac182) Importer(815301076,1909f56bfc062723c751e8b465ee728b)
Start importing Assets/Scenes/menu.unity using Guid(d74015e28cf2b8f45a89eb86815ac182) Importer(815301076,1909f56bfc062723c751e8b465ee728b)  -> (artifact id: '176f65950a3ec9d6f6c9ddcc327398d1') in 0.025546 seconds
  Import took 0.031399 seconds .

========================================================================
Received Prepare
Registering precompiled user dll's ...
Registered in 0.002313 seconds.
Begin MonoManager ReloadAssembly
Native extension for WindowsStandalone target not found
Refreshing native plugins compatible for Editor in 0.41 ms, found 0 plugins.
Preloading 0 native plugins for Editor in 0.00 ms.
Mono: successfully reloaded assembly
- Completed reload, in  1.120 seconds
Platform modules already initialized, skipping
Shader 'Universal Render Pipeline/Particles/Lit': fallback shader 'Universal Render Pipeline/Particles/SimpleLit' not found
Refreshing native plugins compatible for Editor in 0.62 ms, found 0 plugins.
Preloading 0 native plugins for Editor in 0.00 ms.
Unloading 2315 Unused Serialized files (Serialized files now loaded: 0)
System memory in use before: 107.8 MB.
System memory in use after: 108.0 MB.

Unloading 5 unused Assets to reduce memory usage. Loaded Objects now: 2961.
Total: 3.357300 ms (FindLiveObjects: 0.598900 ms CreateObjectMapping: 0.209300 ms MarkObjects: 2.513600 ms  DeleteObjects: 0.033900 ms)

========================================================================
Received Prepare
Registering precompiled user dll's ...
Registered in 0.001647 seconds.
Begin MonoManager ReloadAssembly
Native extension for WindowsStandalone target not found
Refreshing native plugins compatible for Editor in 0.94 ms, found 0 plugins.
Preloading 0 native plugins for Editor in 0.00 ms.
Mono: successfully reloaded assembly
- Completed reload, in  1.129 seconds
Platform modules already initialized, skipping
Shader 'Universal Render Pipeline/Particles/Lit': fallback shader 'Universal Render Pipeline/Particles/SimpleLit' not found
Refreshing native plugins compatible for Editor in 0.39 ms, found 0 plugins.
Preloading 0 native plugins for Editor in 0.00 ms.
Unloading 2315 Unused Serialized files (Serialized files now loaded: 0)
System memory in use before: 107.8 MB.
System memory in use after: 108.1 MB.

Unloading 5 unused Assets to reduce memory usage. Loaded Objects now: 2964.
Total: 2.997600 ms (FindLiveObjects: 0.331900 ms CreateObjectMapping: 0.182100 ms MarkObjects: 2.461600 ms  DeleteObjects: 0.020300 ms)

========================================================================
Received Prepare
Shader 'Universal Render Pipeline/Particles/Lit': fallback shader 'Universal Render Pipeline/Particles/SimpleLit' not found
Refreshing native plugins compatible for Editor in 1.20 ms, found 0 plugins.
Preloading 0 native plugins for Editor in 0.00 ms.
Unloading 3 Unused Serialized files (Serialized files now loaded: 0)
System memory in use before: 61.2 MB.
System memory in use after: 61.5 MB.

Unloading 3 unused Assets to reduce memory usage. Loaded Objects now: 2964.
Total: 2.762700 ms (FindLiveObjects: 0.316900 ms CreateObjectMapping: 0.145000 ms MarkObjects: 2.282300 ms  DeleteObjects: 0.017200 ms)

========================================================================
Received Prepare
Registering precompiled user dll's ...
Registered in 0.002188 seconds.
Begin MonoManager ReloadAssembly
Native extension for WindowsStandalone target not found
Refreshing native plugins compatible for Editor in 1.03 ms, found 0 plugins.
Preloading 0 native plugins for Editor in 0.00 ms.
Mono: successfully reloaded assembly
- Completed reload, in  1.145 seconds
Platform modules already initialized, skipping
Shader 'Universal Render Pipeline/Particles/Lit': fallback shader 'Universal Render Pipeline/Particles/SimpleLit' not found
Refreshing native plugins compatible for Editor in 0.44 ms, found 0 plugins.
Preloading 0 native plugins for Editor in 0.00 ms.
Unloading 2315 Unused Serialized files (Serialized files now loaded: 0)
System memory in use before: 107.8 MB.
System memory in use after: 108.1 MB.

Unloading 5 unused Assets to reduce memory usage. Loaded Objects now: 2967.
Total: 3.413400 ms (FindLiveObjects: 0.375700 ms CreateObjectMapping: 0.224700 ms MarkObjects: 2.774200 ms  DeleteObjects: 0.037600 ms)

========================================================================
Received Prepare
Registering precompiled user dll's ...
Registered in 0.001515 seconds.
Begin MonoManager ReloadAssembly
Native extension for WindowsStandalone target not found
Refreshing native plugins compatible for Editor in 0.40 ms, found 0 plugins.
Preloading 0 native plugins for Editor in 0.00 ms.
Mono: successfully reloaded assembly
- Completed reload, in  1.234 seconds
Platform modules already initialized, skipping
Shader 'Universal Render Pipeline/Particles/Lit': fallback shader 'Universal Render Pipeline/Particles/SimpleLit' not found
Refreshing native plugins compatible for Editor in 0.45 ms, found 0 plugins.
Preloading 0 native plugins for Editor in 0.00 ms.
Unloading 2315 Unused Serialized files (Serialized files now loaded: 0)
System memory in use before: 107.7 MB.
System memory in use after: 108.0 MB.

Unloading 5 unused Assets to reduce memory usage. Loaded Objects now: 2970.
Total: 2.754900 ms (FindLiveObjects: 0.480000 ms CreateObjectMapping: 0.251700 ms MarkObjects: 1.997800 ms  DeleteObjects: 0.024000 ms)

========================================================================
Received Prepare
Shader 'Universal Render Pipeline/Particles/Lit': fallback shader 'Universal Render Pipeline/Particles/SimpleLit' not found
Refreshing native plugins compatible for Editor in 2.24 ms, found 0 plugins.
Preloading 0 native plugins for Editor in 0.00 ms.
Unloading 3 Unused Serialized files (Serialized files now loaded: 0)
System memory in use before: 61.2 MB.
System memory in use after: 61.4 MB.

Unloading 3 unused Assets to reduce memory usage. Loaded Objects now: 2970.
Total: 3.068400 ms (FindLiveObjects: 0.367700 ms CreateObjectMapping: 0.177300 ms MarkObjects: 2.504500 ms  DeleteObjects: 0.017100 ms)

========================================================================
Received Import Request.
  Time since last request: 1224.284774 seconds.
  path: Assets/20 Logos PSD/PSD
  artifactKey: Guid(7ab9930cf73d5b24f87d7273a0fd0e53) Importer(815301076,1909f56bfc062723c751e8b465ee728b)
Start importing Assets/20 Logos PSD/PSD using Guid(7ab9930cf73d5b24f87d7273a0fd0e53) Importer(815301076,1909f56bfc062723c751e8b465ee728b)  -> (artifact id: 'ac50c4484e72396c7e40508decfcda52') in 0.014950 seconds
  Import took 0.020825 seconds .

========================================================================
Received Import Request.
  Time since last request: 0.049992 seconds.
  path: Assets/20 Logos PSD/PSD/Title 1.psd
  artifactKey: Guid(d33f6e701bbd5684ca2147fbf1b5f89c) Importer(815301076,1909f56bfc062723c751e8b465ee728b)
Start importing Assets/20 Logos PSD/PSD/Title 1.psd using Guid(d33f6e701bbd5684ca2147fbf1b5f89c) Importer(815301076,1909f56bfc062723c751e8b465ee728b)  -> (artifact id: 'd1e4107859fe7969e5bf520d78fb52b0') in 0.250867 seconds
  Import took 0.255615 seconds .

========================================================================
Received Import Request.
  Time since last request: 0.000346 seconds.
  path: Assets/20 Logos PSD/PSD/Title 20.psd
  artifactKey: Guid(acfe51f903ceabe498b02c309ca7e383) Importer(815301076,1909f56bfc062723c751e8b465ee728b)
Start importing Assets/20 Logos PSD/PSD/Title 20.psd using Guid(acfe51f903ceabe498b02c309ca7e383) Importer(815301076,1909f56bfc062723c751e8b465ee728b)  -> (artifact id: '8ba7083836f2a7e918f7dadb6088de22') in 0.029028 seconds
  Import took 0.034634 seconds .

========================================================================
Received Import Request.
  Time since last request: 0.000307 seconds.
  path: Assets/20 Logos PSD/PSD/Title 2.psd
  artifactKey: Guid(f529dc07aa5992e48bb9db6b0c92cb6e) Importer(815301076,1909f56bfc062723c751e8b465ee728b)
Start importing Assets/20 Logos PSD/PSD/Title 2.psd using Guid(f529dc07aa5992e48bb9db6b0c92cb6e) Importer(815301076,1909f56bfc062723c751e8b465ee728b)  -> (artifact id: '91ff6942b3c949acb2076579e8dd5d21') in 0.028130 seconds
  Import took 0.033089 seconds .

========================================================================
Received Import Request.
  Time since last request: 0.000525 seconds.
  path: Assets/20 Logos PSD/PSD/Title 11.psd
  artifactKey: Guid(06c5c412e10d1774aa3efd05f9cc4000) Importer(815301076,1909f56bfc062723c751e8b465ee728b)
Start importing Assets/20 Logos PSD/PSD/Title 11.psd using Guid(06c5c412e10d1774aa3efd05f9cc4000) Importer(815301076,1909f56bfc062723c751e8b465ee728b)  -> (artifact id: '8e069ce378762afcfec1da49e8cbc653') in 0.026782 seconds
  Import took 0.032890 seconds .

========================================================================
Received Import Request.
  Time since last request: 0.000269 seconds.
  path: Assets/20 Logos PSD/PSD/Title 2.psd
  artifactKey: Guid(f529dc07aa5992e48bb9db6b0c92cb6e) Importer(815301076,1909f56bfc062723c751e8b465ee728b)
Start importing Assets/20 Logos PSD/PSD/Title 2.psd using Guid(f529dc07aa5992e48bb9db6b0c92cb6e) Importer(815301076,1909f56bfc062723c751e8b465ee728b)  -> (artifact id: '91ff6942b3c949acb2076579e8dd5d21') in 0.020588 seconds
  Import took 0.026992 seconds .

========================================================================
Received Import Request.
  Time since last request: 0.000275 seconds.
  path: Assets/20 Logos PSD/PSD/Title 5.psd
  artifactKey: Guid(f92a55d8c0614a64cb52310d887b2e2f) Importer(815301076,1909f56bfc062723c751e8b465ee728b)
Start importing Assets/20 Logos PSD/PSD/Title 5.psd using Guid(f92a55d8c0614a64cb52310d887b2e2f) Importer(815301076,1909f56bfc062723c751e8b465ee728b)  -> (artifact id: 'e75eaafd11f9d1032bd2fad52b6607f6') in 0.026888 seconds
  Import took 0.032603 seconds .

========================================================================
Received Import Request.
  Time since last request: 0.000304 seconds.
  path: Assets/20 Logos PSD/PSD/Title 3.psd
  artifactKey: Guid(859767e39589f404d9c96de93fe8cd18) Importer(815301076,1909f56bfc062723c751e8b465ee728b)
Start importing Assets/20 Logos PSD/PSD/Title 3.psd using Guid(859767e39589f404d9c96de93fe8cd18) Importer(815301076,1909f56bfc062723c751e8b465ee728b)  -> (artifact id: '451a3fee722785f5206463972368d299') in 0.019154 seconds
  Import took 0.023146 seconds .

========================================================================
Received Import Request.
  Time since last request: 0.000199 seconds.
  path: Assets/20 Logos PSD/PSD/Title 4.psd
  artifactKey: Guid(9c0071ae1410ad949a09a6f1031e26c9) Importer(815301076,1909f56bfc062723c751e8b465ee728b)
Start importing Assets/20 Logos PSD/PSD/Title 4.psd using Guid(9c0071ae1410ad949a09a6f1031e26c9) Importer(815301076,1909f56bfc062723c751e8b465ee728b)  -> (artifact id: '847a579f001f038a8e71c3acc930aa5c') in 0.022077 seconds
  Import took 0.028900 seconds .

========================================================================
Received Import Request.
  Time since last request: 0.000206 seconds.
  path: Assets/20 Logos PSD/PSD/Title 14.psd
  artifactKey: Guid(ca45f9d3220fcac45a48ad33fcc51d8b) Importer(815301076,1909f56bfc062723c751e8b465ee728b)
Start importing Assets/20 Logos PSD/PSD/Title 14.psd using Guid(ca45f9d3220fcac45a48ad33fcc51d8b) Importer(815301076,1909f56bfc062723c751e8b465ee728b)  -> (artifact id: 'fee4d02225eb708d9684cd952eab4b06') in 0.023819 seconds
  Import took 0.028746 seconds .

========================================================================
Received Import Request.
  Time since last request: 0.000206 seconds.
  path: Assets/20 Logos PSD/PSD/Title 18.psd
  artifactKey: Guid(7bc7109d971da184da30f36eb2014a40) Importer(815301076,1909f56bfc062723c751e8b465ee728b)
Start importing Assets/20 Logos PSD/PSD/Title 18.psd using Guid(7bc7109d971da184da30f36eb2014a40) Importer(815301076,1909f56bfc062723c751e8b465ee728b)  -> (artifact id: '1d5c777d83f4637bb356edc9df6450de') in 0.027793 seconds
  Import took 0.032915 seconds .

========================================================================
Received Import Request.
  Time since last request: 0.000244 seconds.
  path: Assets/20 Logos PSD/PSD/Title 16.psd
  artifactKey: Guid(e9c07f240bdacfe4db8cc679026dbd5a) Importer(815301076,1909f56bfc062723c751e8b465ee728b)
Start importing Assets/20 Logos PSD/PSD/Title 16.psd using Guid(e9c07f240bdacfe4db8cc679026dbd5a) Importer(815301076,1909f56bfc062723c751e8b465ee728b)  -> (artifact id: '4f3cff11f3ba437b266b4bc91ffcea36') in 0.021650 seconds
  Import took 0.026907 seconds .

========================================================================
Received Import Request.
  Time since last request: 0.000198 seconds.
  path: Assets/20 Logos PSD/PSD/Title 15.psd
  artifactKey: Guid(2edfa38caa32e9b47865b6a2935ccc56) Importer(815301076,1909f56bfc062723c751e8b465ee728b)
Start importing Assets/20 Logos PSD/PSD/Title 15.psd using Guid(2edfa38caa32e9b47865b6a2935ccc56) Importer(815301076,1909f56bfc062723c751e8b465ee728b)  -> (artifact id: '07e5798c995664f581ad71791d73dae6') in 0.023654 seconds
  Import took 0.028499 seconds .

========================================================================
Received Import Request.
  Time since last request: 0.000255 seconds.
  path: Assets/20 Logos PSD/PSD/Title 7.psd
  artifactKey: Guid(02a397ad888e7ee4fb0c09796ee29192) Importer(815301076,1909f56bfc062723c751e8b465ee728b)
Start importing Assets/20 Logos PSD/PSD/Title 7.psd using Guid(02a397ad888e7ee4fb0c09796ee29192) Importer(815301076,1909f56bfc062723c751e8b465ee728b)  -> (artifact id: '5f1bd66867542aacd378f796227f5957') in 0.023486 seconds
  Import took 0.028871 seconds .

========================================================================
Received Import Request.
  Time since last request: 0.000252 seconds.
  path: Assets/20 Logos PSD/PSD/Title 8.psd
  artifactKey: Guid(400bd1676eaa44041a9a6ce68a91c065) Importer(815301076,1909f56bfc062723c751e8b465ee728b)
Start importing Assets/20 Logos PSD/PSD/Title 8.psd using Guid(400bd1676eaa44041a9a6ce68a91c065) Importer(815301076,1909f56bfc062723c751e8b465ee728b)  -> (artifact id: '785b97f914f77a80fc1e4aa8d0a45f3e') in 0.024308 seconds
  Import took 0.028600 seconds .

========================================================================
Received Import Request.
  Time since last request: 0.000284 seconds.
  path: Assets/20 Logos PSD/PSD/Title 19.psd
  artifactKey: Guid(d4e5adc196cf68841b22ae29a52b7b6f) Importer(815301076,1909f56bfc062723c751e8b465ee728b)
Start importing Assets/20 Logos PSD/PSD/Title 19.psd using Guid(d4e5adc196cf68841b22ae29a52b7b6f) Importer(815301076,1909f56bfc062723c751e8b465ee728b)  -> (artifact id: '9ce152237f36c9e2c526b25cbd674a01') in 0.021876 seconds
  Import took 0.027991 seconds .

========================================================================
Received Import Request.
  Time since last request: 0.000450 seconds.
  path: Assets/20 Logos PSD/PSD/Title 13.psd
  artifactKey: Guid(7737e5f1764c2c1438a37d0323b7791b) Importer(815301076,1909f56bfc062723c751e8b465ee728b)
Start importing Assets/20 Logos PSD/PSD/Title 13.psd using Guid(7737e5f1764c2c1438a37d0323b7791b) Importer(815301076,1909f56bfc062723c751e8b465ee728b)  -> (artifact id: '8bd567abe6d40e0325a304a8ba05f798') in 0.024955 seconds
  Import took 0.029794 seconds .

========================================================================
Received Import Request.
  Time since last request: 0.000247 seconds.
  path: Assets/20 Logos PSD/PSD/Title 10.psd
  artifactKey: Guid(4588fcb8b46ef0f4496fb12b2bb3dcf8) Importer(815301076,1909f56bfc062723c751e8b465ee728b)
Start importing Assets/20 Logos PSD/PSD/Title 10.psd using Guid(4588fcb8b46ef0f4496fb12b2bb3dcf8) Importer(815301076,1909f56bfc062723c751e8b465ee728b)  -> (artifact id: '6464c41d15e56f1a8a5d6b5ecc440f78') in 0.025225 seconds
  Import took 0.030852 seconds .

========================================================================
Received Import Request.
  Time since last request: 0.000275 seconds.
  path: Assets/20 Logos PSD/PSD/Title 9.psd
  artifactKey: Guid(75b2d4b97e27e264191d00ea53fe0cfc) Importer(815301076,1909f56bfc062723c751e8b465ee728b)
Start importing Assets/20 Logos PSD/PSD/Title 9.psd using Guid(75b2d4b97e27e264191d00ea53fe0cfc) Importer(815301076,1909f56bfc062723c751e8b465ee728b)  -> (artifact id: 'c0b61a24bf09c54e0599f7f5cc81a593') in 0.023785 seconds
  Import took 0.028425 seconds .

========================================================================
Received Import Request.
  Time since last request: 0.000219 seconds.
  path: Assets/20 Logos PSD/PSD/Title 6.psd
  artifactKey: Guid(003c538791f43d541aab9de9c8a9fdcc) Importer(815301076,1909f56bfc062723c751e8b465ee728b)
Start importing Assets/20 Logos PSD/PSD/Title 6.psd using Guid(003c538791f43d541aab9de9c8a9fdcc) Importer(815301076,1909f56bfc062723c751e8b465ee728b)  -> (artifact id: '237f4186fbd2cfc1a42e1182330ead85') in 0.026556 seconds
  Import took 0.032176 seconds .

========================================================================
Received Import Request.
  Time since last request: 0.000347 seconds.
  path: Assets/20 Logos PSD/PSD/Title 12.psd
  artifactKey: Guid(2eb563fc073623e4fb1ec92068796865) Importer(815301076,1909f56bfc062723c751e8b465ee728b)
Start importing Assets/20 Logos PSD/PSD/Title 12.psd using Guid(2eb563fc073623e4fb1ec92068796865) Importer(815301076,1909f56bfc062723c751e8b465ee728b)  -> (artifact id: '216fe472c5d954ba8fb78fb148c0c51a') in 0.023156 seconds
  Import took 0.029912 seconds .

========================================================================
Received Import Request.
  Time since last request: 0.000335 seconds.
  path: Assets/20 Logos PSD/PSD/Title 17.psd
  artifactKey: Guid(b173e54455ab8dd489d0e990ce3e1fd6) Importer(815301076,1909f56bfc062723c751e8b465ee728b)
Start importing Assets/20 Logos PSD/PSD/Title 17.psd using Guid(b173e54455ab8dd489d0e990ce3e1fd6) Importer(815301076,1909f56bfc062723c751e8b465ee728b)  -> (artifact id: '3d3504f88cd19e34ba0afcdf367700d1') in 0.027088 seconds
  Import took 0.031895 seconds .

========================================================================
Received Import Request.
  Time since last request: 0.003496 seconds.
  path: Assets/20 Logos PSD/PSD/Title 17.psd
  artifactKey: Guid(b173e54455ab8dd489d0e990ce3e1fd6) Importer(815301076,1909f56bfc062723c751e8b465ee728b)
Start importing Assets/20 Logos PSD/PSD/Title 17.psd using Guid(b173e54455ab8dd489d0e990ce3e1fd6) Importer(815301076,1909f56bfc062723c751e8b465ee728b)  -> (artifact id: '3d3504f88cd19e34ba0afcdf367700d1') in 0.023298 seconds
  Import took 0.029672 seconds .

========================================================================
Received Import Request.
  Time since last request: 385.878159 seconds.
  path: Assets/20 Logos PSD
  artifactKey: Guid(fe3f98186de22494c9a1b9f2f8e2f6fe) Importer(815301076,1909f56bfc062723c751e8b465ee728b)
Start importing Assets/20 Logos PSD using Guid(fe3f98186de22494c9a1b9f2f8e2f6fe) Importer(815301076,1909f56bfc062723c751e8b465ee728b)  -> (artifact id: '1125fcb633eaa87db13ba91c6f33c547') in 0.008852 seconds
  Import took 0.015869 seconds .

========================================================================
Received Import Request.
  Time since last request: 0.000581 seconds.
  path: Assets/20 Logos PSD
  artifactKey: Guid(fe3f98186de22494c9a1b9f2f8e2f6fe) Importer(815301076,1909f56bfc062723c751e8b465ee728b)
Start importing Assets/20 Logos PSD using Guid(fe3f98186de22494c9a1b9f2f8e2f6fe) Importer(815301076,1909f56bfc062723c751e8b465ee728b)  -> (artifact id: '1125fcb633eaa87db13ba91c6f33c547') in 0.003503 seconds
  Import took 0.010144 seconds .

AssetImportWorkerClient::OnTransportError - code=2 error=End of file
